#
# There is insufficient memory for the Java Runtime Environment to continue.
# Native memory allocation (mmap) failed to map 201326592 bytes for Failed to commit area from 0x0000000741600000 to 0x000000074d600000 of length 201326592.
# Possible reasons:
#   The system is out of physical RAM or swap space
#   The process is running with CompressedOops enabled, and the Java Heap may be blocking the growth of the native heap
# Possible solutions:
#   Reduce memory load on the system
#   Increase physical memory or swap space
#   Check if swap backing store is full
#   Decrease Java heap size (-Xmx/-Xms)
#   Decrease number of Java threads
#   Decrease Java thread stack sizes (-Xss)
#   Set larger code cache with -XX:ReservedCodeCacheSize=
# This output file may be truncated or incomplete.
#
#  Out of Memory Error (./src/hotspot/os/windows/os_windows.cpp:3619), pid=19752, tid=10244
#
# JRE version:  (11.0.13) (build )
# Java VM: OpenJDK 64-Bit Server VM (11.0.13+0-b1751.21-8125866, mixed mode, sharing, tiered, compressed oops, g1 gc, windows-amd64)
# No core dump will be written. Minidumps are not enabled by default on client versions of Windows
#

---------------  S U M M A R Y ------------

Command Line: org.jetbrains.kotlin.cli.jvm.K2JVMCompiler @D:\Android\Practice-Demo\Hilt2024\app\build\20240421_4782446206557776659.compiler.options

Host: Intel(R) Core(TM) i5-8250U CPU @ 1.60GHz, 8 cores, 11G,  Windows 10 , 64 bit Build 19041 (10.0.19041.3636)
Time: Sun Apr 21 15:47:47 2024 India Standard Time elapsed time: 0.037537 seconds (0d 0h 0m 0s)

---------------  T H R E A D  ---------------

Current thread (0x00000249ce074800):  JavaThread "Unknown thread" [_thread_in_vm, id=10244, stack(0x0000009eae800000,0x0000009eae900000)]

Stack: [0x0000009eae800000,0x0000009eae900000]
Native frames: (J=compiled Java code, j=interpreted, Vv=VM code, C=native code)
V  [jvm.dll+0x6100fa]
V  [jvm.dll+0x747090]
V  [jvm.dll+0x7486ad]
V  [jvm.dll+0x748d83]
V  [jvm.dll+0x24ab48]
V  [jvm.dll+0x60d164]
V  [jvm.dll+0x601e75]
V  [jvm.dll+0x308bdb]
V  [jvm.dll+0x308b4a]
V  [jvm.dll+0x308a22]
V  [jvm.dll+0x30d986]
V  [jvm.dll+0x357093]
V  [jvm.dll+0x357796]
V  [jvm.dll+0x357193]
V  [jvm.dll+0x2e3448]
V  [jvm.dll+0x2e45f7]
V  [jvm.dll+0x7242e7]
V  [jvm.dll+0x725adc]
V  [jvm.dll+0x364629]
V  [jvm.dll+0x707cee]
V  [jvm.dll+0x3d2633]
V  [jvm.dll+0x3d4a21]
C  [jli.dll+0x536b]
C  [ucrtbase.dll+0x21bb2]
C  [KERNEL32.DLL+0x17344]
C  [ntdll.dll+0x526b1]


---------------  P R O C E S S  ---------------

Threads class SMR info:
_java_thread_list=0x00000249cbe46dd0, length=0, elements={
}

Java Threads: ( => current thread )

Other Threads:
  0x00000249ce08b800 GCTaskThread "GC Thread#0" [stack: 0x0000009eae900000,0x0000009eaea00000] [id=11328]
  0x00000249ce0d2000 ConcurrentGCThread "G1 Main Marker" [stack: 0x0000009eaea00000,0x0000009eaeb00000] [id=16172]
  0x00000249ce0d3000 ConcurrentGCThread "G1 Conc#0" [stack: 0x0000009eaeb00000,0x0000009eaec00000] [id=7512]

[error occurred during error reporting (printing all threads), id 0xc0000005, EXCEPTION_ACCESS_VIOLATION (0xc0000005) at pc=0x00007ff924f23dd7]

VM state:not at safepoint (not fully initialized)

VM Mutex/Monitor currently owned by a thread:  ([mutex/lock_event])
[0x00000249ce071bc0] Heap_lock - owner thread: 0x00000249ce074800

Heap address: 0x0000000741600000, size: 3050 MB, Compressed Oops mode: Non-zero based: 0x0000000741600000
Narrow klass base: 0x0000000000000000, Narrow klass shift: 0

GC Heap History (0 events):
No events

Deoptimization events (0 events):
No events

Classes redefined (0 events):
No events

Internal exceptions (0 events):
No events

Events (1 events):
Event: 0.025 Loaded shared library C:\Program Files\Android\Android Studio\jre\bin\zip.dll


Dynamic libraries:
0x00007ff7d0e00000 - 0x00007ff7d0e0a000 	C:\Program Files\Android\Android Studio\jre\bin\java.exe
0x00007ff9786d0000 - 0x00007ff9788c8000 	C:\WINDOWS\SYSTEM32\ntdll.dll
0x00007ff976720000 - 0x00007ff9767dd000 	C:\WINDOWS\System32\KERNEL32.DLL
0x00007ff975ea0000 - 0x00007ff976196000 	C:\WINDOWS\System32\KERNELBASE.dll
0x00007ff975da0000 - 0x00007ff975ea0000 	C:\WINDOWS\System32\ucrtbase.dll
0x00007ff9591a0000 - 0x00007ff9591b9000 	C:\Program Files\Android\Android Studio\jre\bin\jli.dll
0x00007ff95f110000 - 0x00007ff95f127000 	C:\Program Files\Android\Android Studio\jre\bin\VCRUNTIME140.dll
0x00007ff976fc0000 - 0x00007ff97715e000 	C:\WINDOWS\System32\USER32.dll
0x00007ff9763c0000 - 0x00007ff9763e2000 	C:\WINDOWS\System32\win32u.dll
0x00007ff95f170000 - 0x00007ff95f40a000 	C:\WINDOWS\WinSxS\amd64_microsoft.windows.common-controls_6595b64144ccf1df_6.0.19041.3636_none_60b6a03d71f818d5\COMCTL32.dll
0x00007ff977170000 - 0x00007ff97719c000 	C:\WINDOWS\System32\GDI32.dll
0x00007ff977d40000 - 0x00007ff977dde000 	C:\WINDOWS\System32\msvcrt.dll
0x00007ff976600000 - 0x00007ff97671a000 	C:\WINDOWS\System32\gdi32full.dll
0x00007ff976560000 - 0x00007ff9765fd000 	C:\WINDOWS\System32\msvcp_win.dll
0x00007ff977470000 - 0x00007ff9774a0000 	C:\WINDOWS\System32\IMM32.DLL
0x00007ff9499d0000 - 0x00007ff949a6d000 	C:\Program Files\Android\Android Studio\jre\bin\msvcp140.dll
0x00007ff924c30000 - 0x00007ff925732000 	C:\Program Files\Android\Android Studio\jre\bin\server\jvm.dll
0x00007ff977c70000 - 0x00007ff977d23000 	C:\WINDOWS\System32\ADVAPI32.dll
0x00007ff977300000 - 0x00007ff97739f000 	C:\WINDOWS\System32\sechost.dll
0x00007ff976e90000 - 0x00007ff976fb6000 	C:\WINDOWS\System32\RPCRT4.dll
0x00007ff976390000 - 0x00007ff9763b7000 	C:\WINDOWS\System32\bcrypt.dll
0x00007ff977d30000 - 0x00007ff977d38000 	C:\WINDOWS\System32\PSAPI.DLL
0x00007ff95f510000 - 0x00007ff95f519000 	C:\WINDOWS\SYSTEM32\WSOCK32.dll
0x00007ff95a470000 - 0x00007ff95a497000 	C:\WINDOWS\SYSTEM32\WINMM.dll
0x00007ff96f7a0000 - 0x00007ff96f7aa000 	C:\WINDOWS\SYSTEM32\VERSION.dll
0x00007ff9774b0000 - 0x00007ff97751b000 	C:\WINDOWS\System32\WS2_32.dll
0x00007ff974630000 - 0x00007ff974642000 	C:\WINDOWS\SYSTEM32\kernel.appcore.dll
0x00007ff9713d0000 - 0x00007ff9713e1000 	C:\Program Files\Android\Android Studio\jre\bin\verify.dll
0x00007ff973c20000 - 0x00007ff973e04000 	C:\WINDOWS\SYSTEM32\DBGHELP.DLL
0x00007ff960870000 - 0x00007ff9608a4000 	C:\WINDOWS\SYSTEM32\dbgcore.DLL
0x00007ff9761a0000 - 0x00007ff976222000 	C:\WINDOWS\System32\bcryptPrimitives.dll
0x00007ff96e950000 - 0x00007ff96e979000 	C:\Program Files\Android\Android Studio\jre\bin\java.dll
0x00007ff9732b0000 - 0x00007ff9732bb000 	C:\Program Files\Android\Android Studio\jre\bin\jimage.dll
0x00007ff96b6e0000 - 0x00007ff96b6f8000 	C:\Program Files\Android\Android Studio\jre\bin\zip.dll

dbghelp: loaded successfully - version: 4.0.5 - missing functions: none
symbol engine: initialized successfully - sym options: 0x614 - pdb path: .;C:\Program Files\Android\Android Studio\jre\bin;C:\WINDOWS\SYSTEM32;C:\WINDOWS\WinSxS\amd64_microsoft.windows.common-controls_6595b64144ccf1df_6.0.19041.3636_none_60b6a03d71f818d5;C:\Program Files\Android\Android Studio\jre\bin\server

VM Arguments:
java_command: org.jetbrains.kotlin.cli.jvm.K2JVMCompiler @D:\Android\Practice-Demo\Hilt2024\app\build\20240421_4782446206557776659.compiler.options
java_class_path (initial): C:\Users\gadha\.gradle\caches\modules-2\files-2.1\org.jetbrains.kotlin\kotlin-compiler-embeddable\1.7.20\8db18559a581dd2c36ddfd5046af145650f5b126\kotlin-compiler-embeddable-1.7.20.jar;C:\Users\gadha\.gradle\caches\modules-2\files-2.1\org.jetbrains.kotlin\kotlin-reflect\1.7.20\12b2501e33bb6373e8e347c86d85481863629381\kotlin-reflect-1.7.20.jar;C:\Users\gadha\.gradle\caches\modules-2\files-2.1\org.jetbrains.kotlin\kotlin-stdlib\1.7.20\726594ea9ba2beb2ee113647fefa9a10f9fabe52\kotlin-stdlib-1.7.20.jar;C:\Users\gadha\.gradle\caches\modules-2\files-2.1\org.jetbrains.kotlin\kotlin-script-runtime\1.7.20\bcd1cc6f865e632550357fcc59f5ffd532615a8\kotlin-script-runtime-1.7.20.jar;C:\Users\gadha\.gradle\caches\modules-2\files-2.1\org.jetbrains.kotlin\kotlin-daemon-embeddable\1.7.20\1e24355adad8d529d75d5b19eab55484057431ba\kotlin-daemon-embeddable-1.7.20.jar;C:\Users\gadha\.gradle\caches\modules-2\files-2.1\org.jetbrains.intellij.deps\trove4j\1.0.20200330\3afb14d5f9ceb459d724e907a21145e8ff394f02\trove4j-1.0.20200330.jar;C:\Users\gadha\.gradle\caches\modules-2\files-2.1\net.java.dev.jna\jna\5.6.0\330f2244e9030119ab3030fc3fededc86713d9cc\jna-5.6.0.jar;C:\Users\gadha\.gradle\caches\modules-2\files-2.1\org.jetbrains.kotlin\kotlin-stdlib-common\1.7.20\e15351bdaf9fa06f009be5da7a202e4184f00ae3\kotlin-stdlib-common-1.7.20.jar;C:\Users\gadha\.gradle\caches\modules-2\files-2.1\org.jetbrains\annotations\13.0\919f0dfe192fb4e063e7dacadee7f8bb9a2672a9\annotations-13.0.jar
Launcher Type: SUN_STANDARD

[Global flags]
     intx CICompilerCount                          = 4                                         {product} {ergonomic}
     uint ConcGCThreads                            = 2                                         {product} {ergonomic}
     uint G1ConcRefinementThreads                  = 8                                         {product} {ergonomic}
   size_t G1HeapRegionSize                         = 1048576                                   {product} {ergonomic}
    uintx GCDrainStackTargetSize                   = 64                                        {product} {ergonomic}
   size_t InitialHeapSize                          = 201326592                                 {product} {ergonomic}
   size_t MarkStackSize                            = 4194304                                   {product} {ergonomic}
   size_t MaxHeapSize                              = 3198156800                                {product} {ergonomic}
   size_t MinHeapDeltaBytes                        = 1048576                                   {product} {ergonomic}
    uintx NonNMethodCodeHeapSize                   = 5836300                                {pd product} {ergonomic}
    uintx NonProfiledCodeHeapSize                  = 122910970                              {pd product} {ergonomic}
    uintx ProfiledCodeHeapSize                     = 122910970                              {pd product} {ergonomic}
    uintx ReservedCodeCacheSize                    = 251658240                              {pd product} {ergonomic}
     bool SegmentedCodeCache                       = true                                      {product} {ergonomic}
     bool UseCompressedClassPointers               = true                                 {lp64_product} {ergonomic}
     bool UseCompressedOops                        = true                                 {lp64_product} {ergonomic}
     bool UseG1GC                                  = true                                      {product} {ergonomic}
     bool UseLargePagesIndividualAllocation        = false                                  {pd product} {ergonomic}

Logging:
Log output configuration:
 #0: stdout all=warning uptime,level,tags
 #1: stderr all=off uptime,level,tags

Environment Variables:
PATH=C:\Program Files\Common Files\Oracle\Java\javapath;C:\Program Files (x86)\Intel\iCLS Client\;C:\Program Files\Intel\iCLS Client\;C:\WINDOWS\system32;C:\WINDOWS;C:\WINDOWS\System32\Wbem;C:\WINDOWS\System32\WindowsPowerShell\v1.0\;C:\Program Files (x86)\Intel\Intel(R) Management Engine Components\DAL;C:\Program Files\Intel\Intel(R) Management Engine Components\DAL;C:\Program Files (x86)\Intel\Intel(R) Management Engine Components\IPT;C:\Program Files\Intel\Intel(R) Management Engine Components\IPT;C:\WINDOWS\System32\OpenSSH\;C:\MinGW\bin;C:\Users\gadha\AppData\Local\Microsoft\WindowsApps
USERNAME=gadha
OS=Windows_NT
PROCESSOR_IDENTIFIER=Intel64 Family 6 Model 142 Stepping 10, GenuineIntel



---------------  S Y S T E M  ---------------

OS: Windows 10 , 64 bit Build 19041 (10.0.19041.3636)
OS uptime: 4 days 20:54 hours

CPU:total 8 (initial active 8) (4 cores per cpu, 2 threads per core) family 6 model 142 stepping 10 microcode 0xea, cmov, cx8, fxsr, mmx, sse, sse2, sse3, ssse3, sse4.1, sse4.2, popcnt, avx, avx2, aes, clmul, erms, 3dnowpref, lzcnt, ht, tsc, tscinvbit, bmi1, bmi2, adx, fma

Memory: 4k page, system-wide physical 12197M (996M free)
TotalPageFile size 12197M (AvailPageFile size 37M)
current process WorkingSet (physical memory assigned to process): 10M, peak: 10M
current process commit charge ("private bytes"): 60M, peak: 252M

vm_info: OpenJDK 64-Bit Server VM (11.0.13+0-b1751.21-8125866) for windows-amd64 JRE (11.0.13+0-b1751.21-8125866), built on Feb  2 2022 03:00:22 by "builder" with MS VC++ 14.0 (VS2015)

END.
